<?xml version="1.0" encoding="UTF-8"?>
<coverage generated="1744868267179" clover="3.2.0">
  <project timestamp="1744868267179" name="All files">
    <metrics statements="249" coveredstatements="241" conditionals="114" coveredconditionals="92" methods="54" coveredmethods="54" elements="417" coveredelements="387" complexity="0" loc="249" ncloc="249" packages="3" files="4" classes="4"/>
    <package name="models">
      <metrics statements="101" coveredstatements="100" conditionals="54" coveredconditionals="45" methods="27" coveredmethods="27"/>
      <file name="ConsolidatedBook.js" path="/Users/balasaiteja/Desktop/CareEco/one-big-exchange/backend/models/ConsolidatedBook.js">
        <metrics statements="39" coveredstatements="39" conditionals="10" coveredconditionals="9" methods="12" coveredmethods="12"/>
        <line num="7" count="56" type="stmt"/>
        <line num="8" count="56" type="stmt"/>
        <line num="15" count="177" type="stmt"/>
        <line num="22" count="4" type="stmt"/>
        <line num="31" count="28" type="stmt"/>
        <line num="32" count="28" type="stmt"/>
        <line num="34" count="28" type="stmt"/>
        <line num="35" count="28" type="stmt"/>
        <line num="37" count="28" type="stmt"/>
        <line num="49" count="31" type="stmt"/>
        <line num="51" count="31" type="stmt"/>
        <line num="52" count="53" type="stmt"/>
        <line num="53" count="53" type="stmt"/>
        <line num="57" count="31" type="stmt"/>
        <line num="59" count="31" type="stmt"/>
        <line num="60" count="74" type="stmt"/>
        <line num="61" count="74" type="cond" truecount="2" falsecount="0"/>
        <line num="62" count="74" type="stmt"/>
        <line num="66" count="31" type="stmt"/>
        <line num="67" count="64" type="stmt"/>
        <line num="68" count="66" type="stmt"/>
        <line num="77" count="31" type="stmt"/>
        <line num="79" count="31" type="stmt"/>
        <line num="80" count="53" type="stmt"/>
        <line num="81" count="53" type="stmt"/>
        <line num="85" count="31" type="stmt"/>
        <line num="87" count="31" type="stmt"/>
        <line num="88" count="43" type="stmt"/>
        <line num="89" count="43" type="cond" truecount="2" falsecount="0"/>
        <line num="90" count="43" type="stmt"/>
        <line num="94" count="31" type="stmt"/>
        <line num="95" count="35" type="stmt"/>
        <line num="96" count="16" type="stmt"/>
        <line num="105" count="19" type="stmt"/>
        <line num="107" count="19" type="stmt"/>
        <line num="108" count="90" type="cond" truecount="2" falsecount="0"/>
        <line num="109" count="90" type="cond" truecount="2" falsecount="0"/>
        <line num="111" count="90" type="stmt"/>
        <line num="122" count="3" type="stmt"/>
      </file>
      <file name="OrderBook.js" path="/Users/balasaiteja/Desktop/CareEco/one-big-exchange/backend/models/OrderBook.js">
        <metrics statements="62" coveredstatements="61" conditionals="44" coveredconditionals="36" methods="15" coveredmethods="15"/>
        <line num="6" count="196" type="stmt"/>
        <line num="7" count="196" type="stmt"/>
        <line num="8" count="196" type="stmt"/>
        <line num="9" count="196" type="stmt"/>
        <line num="10" count="196" type="stmt"/>
        <line num="18" count="151" type="stmt"/>
        <line num="19" count="151" type="stmt"/>
        <line num="22" count="151" type="stmt"/>
        <line num="24" count="151" type="cond" truecount="4" falsecount="0"/>
        <line num="25" count="150" type="stmt"/>
        <line num="28" count="151" type="cond" truecount="4" falsecount="0"/>
        <line num="29" count="150" type="stmt"/>
        <line num="37" count="794" type="stmt"/>
        <line num="40" count="794" type="stmt"/>
        <line num="48" count="794" type="cond" truecount="2" falsecount="0"/>
        <line num="49" count="397" type="cond" truecount="2" falsecount="0"/>
        <line num="50" count="397" type="stmt"/>
        <line num="51" count="397" type="cond" truecount="1" falsecount="1"/>
        <line num="52" count="397" type="cond" truecount="2" falsecount="0"/>
        <line num="53" count="397" type="stmt"/>
        <line num="61" count="10" type="stmt"/>
        <line num="62" count="10" type="stmt"/>
        <line num="64" count="10" type="cond" truecount="2" falsecount="0"/>
        <line num="67" count="9" type="cond" truecount="2" falsecount="0"/>
        <line num="68" count="5" type="cond" truecount="1" falsecount="1"/>
        <line num="69" count="5" type="stmt"/>
        <line num="71" count="5" type="cond" truecount="2" falsecount="0"/>
        <line num="72" count="3" type="stmt"/>
        <line num="74" count="2" type="stmt"/>
        <line num="76" count="4" type="cond" truecount="1" falsecount="1"/>
        <line num="77" count="4" type="cond" truecount="1" falsecount="1"/>
        <line num="78" count="4" type="stmt"/>
        <line num="80" count="4" type="cond" truecount="1" falsecount="1"/>
        <line num="81" count="4" type="stmt"/>
        <line num="83" count="0" type="stmt"/>
        <line num="88" count="9" type="stmt"/>
        <line num="95" count="8" type="stmt"/>
        <line num="96" count="8" type="stmt"/>
        <line num="98" count="8" type="cond" truecount="2" falsecount="0"/>
        <line num="100" count="7" type="stmt"/>
        <line num="103" count="7" type="cond" truecount="2" falsecount="0"/>
        <line num="104" count="5" type="cond" truecount="1" falsecount="1"/>
        <line num="105" count="5" type="stmt"/>
        <line num="106" count="2" type="cond" truecount="1" falsecount="1"/>
        <line num="107" count="2" type="cond" truecount="1" falsecount="1"/>
        <line num="108" count="2" type="stmt"/>
        <line num="112" count="7" type="stmt"/>
        <line num="119" count="2" type="cond" truecount="2" falsecount="0"/>
        <line num="121" count="4" type="stmt"/>
        <line num="122" count="1" type="stmt"/>
        <line num="124" count="1" type="stmt"/>
        <line num="134" count="2" type="cond" truecount="2" falsecount="0"/>
        <line num="136" count="4" type="stmt"/>
        <line num="137" count="1" type="stmt"/>
        <line num="139" count="1" type="stmt"/>
        <line num="149" count="55" type="stmt"/>
        <line num="150" count="77" type="stmt"/>
        <line num="151" count="38" type="stmt"/>
        <line num="158" count="55" type="stmt"/>
        <line num="159" count="46" type="stmt"/>
        <line num="160" count="12" type="stmt"/>
        <line num="164" count="4" type="stmt"/>
      </file>
    </package>
    <package name="services">
      <metrics statements="74" coveredstatements="68" conditionals="36" coveredconditionals="29" methods="11" coveredmethods="11"/>
      <file name="MarketDataManager.js" path="/Users/balasaiteja/Desktop/CareEco/one-big-exchange/backend/services/MarketDataManager.js">
        <metrics statements="74" coveredstatements="68" conditionals="36" coveredconditionals="29" methods="11" coveredmethods="11"/>
        <line num="1" count="2" type="stmt"/>
        <line num="2" count="2" type="stmt"/>
        <line num="10" count="23" type="stmt"/>
        <line num="11" count="23" type="stmt"/>
        <line num="12" count="23" type="stmt"/>
        <line num="19" count="147" type="stmt"/>
        <line num="20" count="147" type="stmt"/>
        <line num="23" count="147" type="stmt"/>
        <line num="24" count="147" type="cond" truecount="2" falsecount="0"/>
        <line num="25" count="136" type="stmt"/>
        <line num="26" count="136" type="stmt"/>
        <line num="27" count="136" type="stmt"/>
        <line num="31" count="147" type="stmt"/>
        <line num="34" count="147" type="stmt"/>
        <line num="44" count="655" type="cond" truecount="2" falsecount="0"/>
        <line num="46" count="655" type="cond" truecount="2" falsecount="0"/>
        <line num="47" count="2" type="cond" truecount="1" falsecount="1"/>
        <line num="48" count="0" type="stmt"/>
        <line num="51" count="0" type="stmt"/>
        <line num="53" count="2" type="stmt"/>
        <line num="58" count="2" type="stmt"/>
        <line num="62" count="653" type="stmt"/>
        <line num="65" count="653" type="stmt"/>
        <line num="66" count="653" type="cond" truecount="4" falsecount="0"/>
        <line num="67" count="11" type="stmt"/>
        <line num="68" count="11" type="stmt"/>
        <line num="69" count="11" type="stmt"/>
        <line num="70" count="642" type="cond" truecount="1" falsecount="1"/>
        <line num="71" count="0" type="stmt"/>
        <line num="74" count="0" type="stmt"/>
        <line num="78" count="653" type="cond" truecount="3" falsecount="1"/>
        <line num="80" count="645" type="stmt"/>
        <line num="81" count="645" type="stmt"/>
        <line num="83" count="4" type="stmt"/>
        <line num="84" count="4" type="stmt"/>
        <line num="86" count="4" type="stmt"/>
        <line num="87" count="4" type="stmt"/>
        <line num="89" count="0" type="stmt"/>
        <line num="90" count="0" type="stmt"/>
        <line num="94" count="653" type="stmt"/>
        <line num="103" count="4" type="stmt"/>
        <line num="104" count="2" type="cond" truecount="1" falsecount="1"/>
        <line num="105" count="2" type="stmt"/>
        <line num="106" count="2" type="cond" truecount="1" falsecount="1"/>
        <line num="107" count="2" type="stmt"/>
        <line num="111" count="2" type="stmt"/>
        <line num="120" count="147" type="stmt"/>
        <line num="121" count="147" type="cond" truecount="2" falsecount="0"/>
        <line num="122" count="40" type="stmt"/>
        <line num="123" count="40" type="stmt"/>
        <line num="127" count="147" type="stmt"/>
        <line num="134" count="4" type="cond" truecount="2" falsecount="0"/>
        <line num="135" count="3" type="stmt"/>
        <line num="138" count="4" type="stmt"/>
        <line num="141" count="4" type="stmt"/>
        <line num="143" count="4" type="stmt"/>
        <line num="145" count="1" type="stmt"/>
        <line num="146" count="1" type="cond" truecount="1" falsecount="1"/>
        <line num="147" count="1" type="stmt"/>
        <line num="148" count="1" type="cond" truecount="1" falsecount="1"/>
        <line num="149" count="1" type="stmt"/>
        <line num="160" count="800" type="stmt"/>
        <line num="161" count="800" type="cond" truecount="2" falsecount="0"/>
        <line num="163" count="3" type="stmt"/>
        <line num="164" count="4" type="stmt"/>
        <line num="173" count="8" type="stmt"/>
        <line num="174" count="8" type="cond" truecount="2" falsecount="0"/>
        <line num="176" count="5" type="stmt"/>
        <line num="177" count="5" type="stmt"/>
        <line num="184" count="13" type="stmt"/>
        <line num="185" count="13" type="cond" truecount="2" falsecount="0"/>
        <line num="187" count="12" type="stmt"/>
        <line num="194" count="2" type="stmt"/>
        <line num="198" count="2" type="stmt"/>
      </file>
    </package>
    <package name="utils">
      <metrics statements="74" coveredstatements="73" conditionals="24" coveredconditionals="18" methods="16" coveredmethods="16"/>
      <file name="MarketDataSimulator.js" path="/Users/balasaiteja/Desktop/CareEco/one-big-exchange/backend/utils/MarketDataSimulator.js">
        <metrics statements="74" coveredstatements="73" conditionals="24" coveredconditionals="18" methods="16" coveredmethods="16"/>
        <line num="6" count="7" type="stmt"/>
        <line num="7" count="7" type="stmt"/>
        <line num="8" count="7" type="stmt"/>
        <line num="9" count="7" type="stmt"/>
        <line num="10" count="7" type="stmt"/>
        <line num="13" count="7" type="stmt"/>
        <line num="14" count="35" type="cond" truecount="1" falsecount="1"/>
        <line num="15" count="35" type="stmt"/>
        <line num="24" count="1" type="stmt"/>
        <line num="32" count="5" type="stmt"/>
        <line num="35" count="5" type="stmt"/>
        <line num="36" count="9" type="stmt"/>
        <line num="39" count="5" type="stmt"/>
        <line num="40" count="4" type="stmt"/>
        <line num="43" count="5" type="stmt"/>
        <line num="44" count="2" type="stmt"/>
        <line num="48" count="5" type="stmt"/>
        <line num="49" count="5" type="stmt"/>
        <line num="56" count="9" type="stmt"/>
        <line num="57" count="9" type="stmt"/>
        <line num="58" count="9" type="stmt"/>
        <line num="59" count="9" type="stmt"/>
        <line num="60" count="9" type="stmt"/>
        <line num="68" count="5" type="stmt"/>
        <line num="69" count="25" type="stmt"/>
        <line num="71" count="125" type="stmt"/>
        <line num="72" count="125" type="stmt"/>
        <line num="75" count="125" type="stmt"/>
        <line num="76" count="625" type="cond" truecount="2" falsecount="0"/>
        <line num="77" count="625" type="stmt"/>
        <line num="78" count="625" type="stmt"/>
        <line num="94" count="9" type="stmt"/>
        <line num="95" count="9" type="stmt"/>
        <line num="98" count="9" type="stmt"/>
        <line num="99" count="9" type="stmt"/>
        <line num="108" count="4" type="stmt"/>
        <line num="109" count="4" type="stmt"/>
        <line num="110" count="4" type="cond" truecount="2" falsecount="0"/>
        <line num="113" count="4" type="stmt"/>
        <line num="114" count="4" type="stmt"/>
        <line num="122" count="2" type="cond" truecount="1" falsecount="1"/>
        <line num="125" count="2" type="stmt"/>
        <line num="126" count="2" type="stmt"/>
        <line num="127" count="2" type="stmt"/>
        <line num="129" count="2" type="cond" truecount="1" falsecount="1"/>
        <line num="133" count="2" type="cond" truecount="2" falsecount="0"/>
        <line num="135" count="1" type="stmt"/>
        <line num="144" count="1" type="stmt"/>
        <line num="151" count="1" type="stmt"/>
        <line num="154" count="1" type="stmt"/>
        <line num="159" count="1" type="stmt"/>
        <line num="166" count="1" type="stmt"/>
        <line num="176" count="134" type="stmt"/>
        <line num="177" count="134" type="stmt"/>
        <line num="178" count="134" type="stmt"/>
        <line num="180" count="134" type="stmt"/>
        <line num="195" count="629" type="stmt"/>
        <line num="198" count="629" type="cond" truecount="2" falsecount="0"/>
        <line num="199" count="301" type="stmt"/>
        <line num="201" count="328" type="stmt"/>
        <line num="204" count="629" type="stmt"/>
        <line num="205" count="629" type="stmt"/>
        <line num="207" count="629" type="cond" truecount="1" falsecount="1"/>
        <line num="210" count="629" type="stmt"/>
        <line num="219" count="629" type="stmt"/>
        <line num="233" count="763" type="cond" truecount="5" falsecount="1"/>
        <line num="235" count="151" type="stmt"/>
        <line num="237" count="155" type="stmt"/>
        <line num="239" count="152" type="stmt"/>
        <line num="241" count="152" type="stmt"/>
        <line num="243" count="153" type="stmt"/>
        <line num="245" count="0" type="stmt"/>
        <line num="254" count="28" type="stmt"/>
        <line num="258" count="1" type="stmt"/>
      </file>
    </package>
  </project>
</coverage>
