{"/Users/balasaiteja/Desktop/CareEco/one-big-exchange/backend/models/ConsolidatedBook.js": {"path":"/Users/balasaiteja/Desktop/CareEco/one-big-exchange/backend/models/ConsolidatedBook.js","statementMap":{"0":{"start":{"line":7,"column":4},"end":{"line":7,"column":25}},"1":{"start":{"line":8,"column":4},"end":{"line":8,"column":35}},"2":{"start":{"line":15,"column":4},"end":{"line":15,"column":48}},"3":{"start":{"line":22,"column":4},"end":{"line":22,"column":40}},"4":{"start":{"line":31,"column":29},"end":{"line":31,"column":52}},"5":{"start":{"line":32,"column":31},"end":{"line":32,"column":56}},"6":{"start":{"line":34,"column":20},"end":{"line":34,"column":53}},"7":{"start":{"line":35,"column":22},"end":{"line":35,"column":57}},"8":{"start":{"line":37,"column":4},"end":{"line":40,"column":6}},"9":{"start":{"line":49,"column":20},"end":{"line":49,"column":22}},"10":{"start":{"line":51,"column":4},"end":{"line":54,"column":5}},"11":{"start":{"line":52,"column":19},"end":{"line":52,"column":44}},"12":{"start":{"line":53,"column":6},"end":{"line":53,"column":28}},"13":{"start":{"line":57,"column":27},"end":{"line":57,"column":36}},"14":{"start":{"line":59,"column":4},"end":{"line":63,"column":5}},"15":{"start":{"line":60,"column":30},"end":{"line":60,"column":33}},"16":{"start":{"line":61,"column":26},"end":{"line":61,"column":56}},"17":{"start":{"line":62,"column":6},"end":{"line":62,"column":52}},"18":{"start":{"line":66,"column":4},"end":{"line":68,"column":41}},"19":{"start":{"line":67,"column":31},"end":{"line":67,"column":65}},"20":{"start":{"line":68,"column":22},"end":{"line":68,"column":39}},"21":{"start":{"line":77,"column":22},"end":{"line":77,"column":24}},"22":{"start":{"line":79,"column":4},"end":{"line":82,"column":5}},"23":{"start":{"line":80,"column":21},"end":{"line":80,"column":48}},"24":{"start":{"line":81,"column":6},"end":{"line":81,"column":32}},"25":{"start":{"line":85,"column":29},"end":{"line":85,"column":38}},"26":{"start":{"line":87,"column":4},"end":{"line":91,"column":5}},"27":{"start":{"line":88,"column":30},"end":{"line":88,"column":35}},"28":{"start":{"line":89,"column":26},"end":{"line":89,"column":58}},"29":{"start":{"line":90,"column":6},"end":{"line":90,"column":54}},"30":{"start":{"line":94,"column":4},"end":{"line":96,"column":41}},"31":{"start":{"line":95,"column":31},"end":{"line":95,"column":65}},"32":{"start":{"line":96,"column":22},"end":{"line":96,"column":39}},"33":{"start":{"line":105,"column":29},"end":{"line":105,"column":54}},"34":{"start":{"line":107,"column":4},"end":{"line":118,"column":7}},"35":{"start":{"line":108,"column":18},"end":{"line":108,"column":56}},"36":{"start":{"line":109,"column":20},"end":{"line":109,"column":60}},"37":{"start":{"line":111,"column":6},"end":{"line":117,"column":8}},"38":{"start":{"line":122,"column":0},"end":{"line":122,"column":34}}},"fnMap":{"0":{"name":"(anonymous_0)","decl":{"start":{"line":6,"column":2},"end":{"line":6,"column":3}},"loc":{"start":{"line":6,"column":22},"end":{"line":9,"column":3}},"line":6},"1":{"name":"(anonymous_1)","decl":{"start":{"line":14,"column":2},"end":{"line":14,"column":3}},"loc":{"start":{"line":14,"column":44},"end":{"line":16,"column":3}},"line":14},"2":{"name":"(anonymous_2)","decl":{"start":{"line":21,"column":2},"end":{"line":21,"column":3}},"loc":{"start":{"line":21,"column":35},"end":{"line":23,"column":3}},"line":21},"3":{"name":"(anonymous_3)","decl":{"start":{"line":30,"column":2},"end":{"line":30,"column":3}},"loc":{"start":{"line":30,"column":27},"end":{"line":41,"column":3}},"line":30},"4":{"name":"(anonymous_4)","decl":{"start":{"line":47,"column":2},"end":{"line":47,"column":3}},"loc":{"start":{"line":47,"column":21},"end":{"line":69,"column":3}},"line":47},"5":{"name":"(anonymous_5)","decl":{"start":{"line":67,"column":11},"end":{"line":67,"column":12}},"loc":{"start":{"line":67,"column":31},"end":{"line":67,"column":65}},"line":67},"6":{"name":"(anonymous_6)","decl":{"start":{"line":68,"column":12},"end":{"line":68,"column":13}},"loc":{"start":{"line":68,"column":22},"end":{"line":68,"column":39}},"line":68},"7":{"name":"(anonymous_7)","decl":{"start":{"line":75,"column":2},"end":{"line":75,"column":3}},"loc":{"start":{"line":75,"column":23},"end":{"line":97,"column":3}},"line":75},"8":{"name":"(anonymous_8)","decl":{"start":{"line":95,"column":11},"end":{"line":95,"column":12}},"loc":{"start":{"line":95,"column":31},"end":{"line":95,"column":65}},"line":95},"9":{"name":"(anonymous_9)","decl":{"start":{"line":96,"column":12},"end":{"line":96,"column":13}},"loc":{"start":{"line":96,"column":22},"end":{"line":96,"column":39}},"line":96},"10":{"name":"(anonymous_10)","decl":{"start":{"line":104,"column":2},"end":{"line":104,"column":3}},"loc":{"start":{"line":104,"column":25},"end":{"line":119,"column":3}},"line":104},"11":{"name":"(anonymous_11)","decl":{"start":{"line":107,"column":42},"end":{"line":107,"column":43}},"loc":{"start":{"line":107,"column":52},"end":{"line":118,"column":5}},"line":107}},"branchMap":{"0":{"loc":{"start":{"line":30,"column":15},"end":{"line":30,"column":25}},"type":"default-arg","locations":[{"start":{"line":30,"column":24},"end":{"line":30,"column":25}}],"line":30},"1":{"loc":{"start":{"line":61,"column":26},"end":{"line":61,"column":56}},"type":"binary-expr","locations":[{"start":{"line":61,"column":26},"end":{"line":61,"column":51}},{"start":{"line":61,"column":55},"end":{"line":61,"column":56}}],"line":61},"2":{"loc":{"start":{"line":89,"column":26},"end":{"line":89,"column":58}},"type":"binary-expr","locations":[{"start":{"line":89,"column":26},"end":{"line":89,"column":53}},{"start":{"line":89,"column":57},"end":{"line":89,"column":58}}],"line":89},"3":{"loc":{"start":{"line":104,"column":13},"end":{"line":104,"column":23}},"type":"default-arg","locations":[{"start":{"line":104,"column":22},"end":{"line":104,"column":23}}],"line":104},"4":{"loc":{"start":{"line":108,"column":18},"end":{"line":108,"column":56}},"type":"binary-expr","locations":[{"start":{"line":108,"column":18},"end":{"line":108,"column":25}},{"start":{"line":108,"column":29},"end":{"line":108,"column":56}}],"line":108},"5":{"loc":{"start":{"line":109,"column":20},"end":{"line":109,"column":60}},"type":"binary-expr","locations":[{"start":{"line":109,"column":20},"end":{"line":109,"column":29}},{"start":{"line":109,"column":33},"end":{"line":109,"column":60}}],"line":109}},"s":{"0":56,"1":56,"2":177,"3":4,"4":28,"5":28,"6":28,"7":28,"8":28,"9":31,"10":31,"11":53,"12":53,"13":31,"14":31,"15":74,"16":74,"17":74,"18":31,"19":64,"20":66,"21":31,"22":31,"23":53,"24":53,"25":31,"26":31,"27":43,"28":43,"29":43,"30":31,"31":35,"32":16,"33":19,"34":19,"35":90,"36":90,"37":90,"38":3},"f":{"0":56,"1":177,"2":4,"3":28,"4":31,"5":64,"6":66,"7":31,"8":35,"9":16,"10":19,"11":90},"b":{"0":[1],"1":[74,64],"2":[43,35],"3":[0],"4":[90,58],"5":[90,74]},"_coverageSchema":"1a1c01bbd47fc00a2c39e90264f33305004495a9","hash":"b9f03bd60f6805f696e6e5224895cf19b193c869"}
,"/Users/balasaiteja/Desktop/CareEco/one-big-exchange/backend/models/OrderBook.js": {"path":"/Users/balasaiteja/Desktop/CareEco/one-big-exchange/backend/models/OrderBook.js","statementMap":{"0":{"start":{"line":6,"column":4},"end":{"line":6,"column":29}},"1":{"start":{"line":7,"column":4},"end":{"line":7,"column":25}},"2":{"start":{"line":8,"column":4},"end":{"line":8,"column":26}},"3":{"start":{"line":9,"column":4},"end":{"line":9,"column":28}},"4":{"start":{"line":10,"column":4},"end":{"line":10,"column":28}},"5":{"start":{"line":18,"column":4},"end":{"line":18,"column":22}},"6":{"start":{"line":19,"column":4},"end":{"line":19,"column":24}},"7":{"start":{"line":22,"column":6},"end":{"line":22,"column":13}},"8":{"start":{"line":24,"column":4},"end":{"line":26,"column":5}},"9":{"start":{"line":25,"column":6},"end":{"line":25,"column":51}},"10":{"start":{"line":28,"column":4},"end":{"line":30,"column":5}},"11":{"start":{"line":29,"column":6},"end":{"line":29,"column":57}},"12":{"start":{"line":37,"column":54},"end":{"line":37,"column":61}},"13":{"start":{"line":40,"column":4},"end":{"line":45,"column":7}},"14":{"start":{"line":48,"column":4},"end":{"line":54,"column":5}},"15":{"start":{"line":49,"column":26},"end":{"line":49,"column":57}},"16":{"start":{"line":50,"column":6},"end":{"line":50,"column":57}},"17":{"start":{"line":51,"column":11},"end":{"line":54,"column":5}},"18":{"start":{"line":52,"column":26},"end":{"line":52,"column":59}},"19":{"start":{"line":53,"column":6},"end":{"line":53,"column":59}},"20":{"start":{"line":61,"column":25},"end":{"line":61,"column":32}},"21":{"start":{"line":62,"column":18},"end":{"line":62,"column":43}},"22":{"start":{"line":64,"column":4},"end":{"line":64,"column":23}},"23":{"start":{"line":64,"column":16},"end":{"line":64,"column":23}},"24":{"start":{"line":67,"column":4},"end":{"line":85,"column":5}},"25":{"start":{"line":68,"column":26},"end":{"line":68,"column":57}},"26":{"start":{"line":69,"column":22},"end":{"line":69,"column":63}},"27":{"start":{"line":71,"column":6},"end":{"line":75,"column":7}},"28":{"start":{"line":72,"column":8},"end":{"line":72,"column":38}},"29":{"start":{"line":74,"column":8},"end":{"line":74,"column":44}},"30":{"start":{"line":76,"column":11},"end":{"line":85,"column":5}},"31":{"start":{"line":77,"column":26},"end":{"line":77,"column":59}},"32":{"start":{"line":78,"column":22},"end":{"line":78,"column":63}},"33":{"start":{"line":80,"column":6},"end":{"line":84,"column":7}},"34":{"start":{"line":81,"column":8},"end":{"line":81,"column":40}},"35":{"start":{"line":83,"column":8},"end":{"line":83,"column":46}},"36":{"start":{"line":88,"column":4},"end":{"line":88,"column":33}},"37":{"start":{"line":95,"column":39},"end":{"line":95,"column":46}},"38":{"start":{"line":96,"column":18},"end":{"line":96,"column":43}},"39":{"start":{"line":98,"column":4},"end":{"line":98,"column":23}},"40":{"start":{"line":98,"column":16},"end":{"line":98,"column":23}},"41":{"start":{"line":100,"column":26},"end":{"line":100,"column":55}},"42":{"start":{"line":103,"column":4},"end":{"line":109,"column":5}},"43":{"start":{"line":104,"column":26},"end":{"line":104,"column":57}},"44":{"start":{"line":105,"column":6},"end":{"line":105,"column":62}},"45":{"start":{"line":106,"column":11},"end":{"line":109,"column":5}},"46":{"start":{"line":107,"column":26},"end":{"line":107,"column":59}},"47":{"start":{"line":108,"column":6},"end":{"line":108,"column":64}},"48":{"start":{"line":112,"column":4},"end":{"line":112,"column":34}},"49":{"start":{"line":119,"column":4},"end":{"line":119,"column":42}},"50":{"start":{"line":119,"column":30},"end":{"line":119,"column":42}},"51":{"start":{"line":121,"column":22},"end":{"line":121,"column":72}},"52":{"start":{"line":121,"column":66},"end":{"line":121,"column":71}},"53":{"start":{"line":122,"column":25},"end":{"line":122,"column":37}},"54":{"start":{"line":124,"column":4},"end":{"line":127,"column":6}},"55":{"start":{"line":134,"column":4},"end":{"line":134,"column":44}},"56":{"start":{"line":134,"column":32},"end":{"line":134,"column":44}},"57":{"start":{"line":136,"column":24},"end":{"line":136,"column":76}},"58":{"start":{"line":136,"column":70},"end":{"line":136,"column":75}},"59":{"start":{"line":137,"column":27},"end":{"line":137,"column":41}},"60":{"start":{"line":139,"column":4},"end":{"line":142,"column":6}},"61":{"start":{"line":149,"column":4},"end":{"line":151,"column":41}},"62":{"start":{"line":150,"column":31},"end":{"line":150,"column":65}},"63":{"start":{"line":151,"column":22},"end":{"line":151,"column":39}},"64":{"start":{"line":158,"column":4},"end":{"line":160,"column":41}},"65":{"start":{"line":159,"column":31},"end":{"line":159,"column":65}},"66":{"start":{"line":160,"column":22},"end":{"line":160,"column":39}},"67":{"start":{"line":164,"column":0},"end":{"line":164,"column":27}}},"fnMap":{"0":{"name":"(anonymous_0)","decl":{"start":{"line":5,"column":2},"end":{"line":5,"column":3}},"loc":{"start":{"line":5,"column":32},"end":{"line":11,"column":3}},"line":5},"1":{"name":"(anonymous_1)","decl":{"start":{"line":16,"column":2},"end":{"line":16,"column":3}},"loc":{"start":{"line":16,"column":28},"end":{"line":31,"column":3}},"line":16},"2":{"name":"(anonymous_2)","decl":{"start":{"line":36,"column":2},"end":{"line":36,"column":3}},"loc":{"start":{"line":36,"column":27},"end":{"line":55,"column":3}},"line":36},"3":{"name":"(anonymous_3)","decl":{"start":{"line":60,"column":2},"end":{"line":60,"column":3}},"loc":{"start":{"line":60,"column":30},"end":{"line":89,"column":3}},"line":60},"4":{"name":"(anonymous_4)","decl":{"start":{"line":94,"column":2},"end":{"line":94,"column":3}},"loc":{"start":{"line":94,"column":30},"end":{"line":113,"column":3}},"line":94},"5":{"name":"(anonymous_5)","decl":{"start":{"line":118,"column":2},"end":{"line":118,"column":3}},"loc":{"start":{"line":118,"column":15},"end":{"line":128,"column":3}},"line":118},"6":{"name":"(anonymous_6)","decl":{"start":{"line":121,"column":56},"end":{"line":121,"column":57}},"loc":{"start":{"line":121,"column":66},"end":{"line":121,"column":71}},"line":121},"7":{"name":"(anonymous_7)","decl":{"start":{"line":133,"column":2},"end":{"line":133,"column":3}},"loc":{"start":{"line":133,"column":17},"end":{"line":143,"column":3}},"line":133},"8":{"name":"(anonymous_8)","decl":{"start":{"line":136,"column":60},"end":{"line":136,"column":61}},"loc":{"start":{"line":136,"column":70},"end":{"line":136,"column":75}},"line":136},"9":{"name":"(anonymous_9)","decl":{"start":{"line":148,"column":2},"end":{"line":148,"column":3}},"loc":{"start":{"line":148,"column":18},"end":{"line":152,"column":3}},"line":148},"10":{"name":"(anonymous_10)","decl":{"start":{"line":150,"column":11},"end":{"line":150,"column":12}},"loc":{"start":{"line":150,"column":31},"end":{"line":150,"column":65}},"line":150},"11":{"name":"(anonymous_11)","decl":{"start":{"line":151,"column":12},"end":{"line":151,"column":13}},"loc":{"start":{"line":151,"column":22},"end":{"line":151,"column":39}},"line":151},"12":{"name":"(anonymous_12)","decl":{"start":{"line":157,"column":2},"end":{"line":157,"column":3}},"loc":{"start":{"line":157,"column":20},"end":{"line":161,"column":3}},"line":157},"13":{"name":"(anonymous_13)","decl":{"start":{"line":159,"column":11},"end":{"line":159,"column":12}},"loc":{"start":{"line":159,"column":31},"end":{"line":159,"column":65}},"line":159},"14":{"name":"(anonymous_14)","decl":{"start":{"line":160,"column":12},"end":{"line":160,"column":13}},"loc":{"start":{"line":160,"column":22},"end":{"line":160,"column":39}},"line":160}},"branchMap":{"0":{"loc":{"start":{"line":24,"column":4},"end":{"line":26,"column":5}},"type":"if","locations":[{"start":{"line":24,"column":4},"end":{"line":26,"column":5}},{"start":{},"end":{}}],"line":24},"1":{"loc":{"start":{"line":24,"column":8},"end":{"line":24,"column":39}},"type":"binary-expr","locations":[{"start":{"line":24,"column":8},"end":{"line":24,"column":22}},{"start":{"line":24,"column":26},"end":{"line":24,"column":39}}],"line":24},"2":{"loc":{"start":{"line":28,"column":4},"end":{"line":30,"column":5}},"type":"if","locations":[{"start":{"line":28,"column":4},"end":{"line":30,"column":5}},{"start":{},"end":{}}],"line":28},"3":{"loc":{"start":{"line":28,"column":8},"end":{"line":28,"column":43}},"type":"binary-expr","locations":[{"start":{"line":28,"column":8},"end":{"line":28,"column":24}},{"start":{"line":28,"column":28},"end":{"line":28,"column":43}}],"line":28},"4":{"loc":{"start":{"line":48,"column":4},"end":{"line":54,"column":5}},"type":"if","locations":[{"start":{"line":48,"column":4},"end":{"line":54,"column":5}},{"start":{"line":51,"column":11},"end":{"line":54,"column":5}}],"line":48},"5":{"loc":{"start":{"line":49,"column":26},"end":{"line":49,"column":57}},"type":"binary-expr","locations":[{"start":{"line":49,"column":26},"end":{"line":49,"column":52}},{"start":{"line":49,"column":56},"end":{"line":49,"column":57}}],"line":49},"6":{"loc":{"start":{"line":51,"column":11},"end":{"line":54,"column":5}},"type":"if","locations":[{"start":{"line":51,"column":11},"end":{"line":54,"column":5}},{"start":{},"end":{}}],"line":51},"7":{"loc":{"start":{"line":52,"column":26},"end":{"line":52,"column":59}},"type":"binary-expr","locations":[{"start":{"line":52,"column":26},"end":{"line":52,"column":54}},{"start":{"line":52,"column":58},"end":{"line":52,"column":59}}],"line":52},"8":{"loc":{"start":{"line":64,"column":4},"end":{"line":64,"column":23}},"type":"if","locations":[{"start":{"line":64,"column":4},"end":{"line":64,"column":23}},{"start":{},"end":{}}],"line":64},"9":{"loc":{"start":{"line":67,"column":4},"end":{"line":85,"column":5}},"type":"if","locations":[{"start":{"line":67,"column":4},"end":{"line":85,"column":5}},{"start":{"line":76,"column":11},"end":{"line":85,"column":5}}],"line":67},"10":{"loc":{"start":{"line":68,"column":26},"end":{"line":68,"column":57}},"type":"binary-expr","locations":[{"start":{"line":68,"column":26},"end":{"line":68,"column":52}},{"start":{"line":68,"column":56},"end":{"line":68,"column":57}}],"line":68},"11":{"loc":{"start":{"line":71,"column":6},"end":{"line":75,"column":7}},"type":"if","locations":[{"start":{"line":71,"column":6},"end":{"line":75,"column":7}},{"start":{"line":73,"column":13},"end":{"line":75,"column":7}}],"line":71},"12":{"loc":{"start":{"line":76,"column":11},"end":{"line":85,"column":5}},"type":"if","locations":[{"start":{"line":76,"column":11},"end":{"line":85,"column":5}},{"start":{},"end":{}}],"line":76},"13":{"loc":{"start":{"line":77,"column":26},"end":{"line":77,"column":59}},"type":"binary-expr","locations":[{"start":{"line":77,"column":26},"end":{"line":77,"column":54}},{"start":{"line":77,"column":58},"end":{"line":77,"column":59}}],"line":77},"14":{"loc":{"start":{"line":80,"column":6},"end":{"line":84,"column":7}},"type":"if","locations":[{"start":{"line":80,"column":6},"end":{"line":84,"column":7}},{"start":{"line":82,"column":13},"end":{"line":84,"column":7}}],"line":80},"15":{"loc":{"start":{"line":98,"column":4},"end":{"line":98,"column":23}},"type":"if","locations":[{"start":{"line":98,"column":4},"end":{"line":98,"column":23}},{"start":{},"end":{}}],"line":98},"16":{"loc":{"start":{"line":103,"column":4},"end":{"line":109,"column":5}},"type":"if","locations":[{"start":{"line":103,"column":4},"end":{"line":109,"column":5}},{"start":{"line":106,"column":11},"end":{"line":109,"column":5}}],"line":103},"17":{"loc":{"start":{"line":104,"column":26},"end":{"line":104,"column":57}},"type":"binary-expr","locations":[{"start":{"line":104,"column":26},"end":{"line":104,"column":52}},{"start":{"line":104,"column":56},"end":{"line":104,"column":57}}],"line":104},"18":{"loc":{"start":{"line":106,"column":11},"end":{"line":109,"column":5}},"type":"if","locations":[{"start":{"line":106,"column":11},"end":{"line":109,"column":5}},{"start":{},"end":{}}],"line":106},"19":{"loc":{"start":{"line":107,"column":26},"end":{"line":107,"column":59}},"type":"binary-expr","locations":[{"start":{"line":107,"column":26},"end":{"line":107,"column":54}},{"start":{"line":107,"column":58},"end":{"line":107,"column":59}}],"line":107},"20":{"loc":{"start":{"line":119,"column":4},"end":{"line":119,"column":42}},"type":"if","locations":[{"start":{"line":119,"column":4},"end":{"line":119,"column":42}},{"start":{},"end":{}}],"line":119},"21":{"loc":{"start":{"line":134,"column":4},"end":{"line":134,"column":44}},"type":"if","locations":[{"start":{"line":134,"column":4},"end":{"line":134,"column":44}},{"start":{},"end":{}}],"line":134}},"s":{"0":196,"1":196,"2":196,"3":196,"4":196,"5":151,"6":151,"7":151,"8":151,"9":150,"10":151,"11":150,"12":794,"13":794,"14":794,"15":397,"16":397,"17":397,"18":397,"19":397,"20":10,"21":10,"22":10,"23":1,"24":9,"25":5,"26":5,"27":5,"28":3,"29":2,"30":4,"31":4,"32":4,"33":4,"34":4,"35":0,"36":9,"37":8,"38":8,"39":8,"40":1,"41":7,"42":7,"43":5,"44":5,"45":2,"46":2,"47":2,"48":7,"49":2,"50":1,"51":1,"52":4,"53":1,"54":1,"55":2,"56":1,"57":1,"58":4,"59":1,"60":1,"61":55,"62":77,"63":38,"64":55,"65":46,"66":12,"67":4},"f":{"0":196,"1":151,"2":794,"3":10,"4":8,"5":2,"6":4,"7":2,"8":4,"9":55,"10":77,"11":38,"12":55,"13":46,"14":12},"b":{"0":[150,1],"1":[151,150],"2":[150,1],"3":[151,150],"4":[397,397],"5":[397,392],"6":[397,0],"7":[397,396],"8":[1,9],"9":[5,4],"10":[5,0],"11":[3,2],"12":[4,0],"13":[4,0],"14":[4,0],"15":[1,7],"16":[5,2],"17":[5,0],"18":[2,0],"19":[2,0],"20":[1,1],"21":[1,1]},"_coverageSchema":"1a1c01bbd47fc00a2c39e90264f33305004495a9","hash":"ced540210c53c5e0276c07c4181d8f3eaaf6cbaf"}
,"/Users/balasaiteja/Desktop/CareEco/one-big-exchange/backend/services/MarketDataManager.js": {"path":"/Users/balasaiteja/Desktop/CareEco/one-big-exchange/backend/services/MarketDataManager.js","statementMap":{"0":{"start":{"line":1,"column":18},"end":{"line":1,"column":48}},"1":{"start":{"line":2,"column":25},"end":{"line":2,"column":62}},"2":{"start":{"line":10,"column":4},"end":{"line":10,"column":35}},"3":{"start":{"line":11,"column":4},"end":{"line":11,"column":39}},"4":{"start":{"line":12,"column":4},"end":{"line":12,"column":33}},"5":{"start":{"line":19,"column":23},"end":{"line":19,"column":30}},"6":{"start":{"line":20,"column":16},"end":{"line":20,"column":39}},"7":{"start":{"line":23,"column":20},"end":{"line":23,"column":47}},"8":{"start":{"line":24,"column":4},"end":{"line":28,"column":5}},"9":{"start":{"line":25,"column":6},"end":{"line":25,"column":50}},"10":{"start":{"line":26,"column":6},"end":{"line":26,"column":45}},"11":{"start":{"line":27,"column":6},"end":{"line":27,"column":70}},"12":{"start":{"line":31,"column":4},"end":{"line":31,"column":40}},"13":{"start":{"line":34,"column":4},"end":{"line":34,"column":42}},"14":{"start":{"line":44,"column":6},"end":{"line":44,"column":78}},"15":{"start":{"line":46,"column":4},"end":{"line":60,"column":5}},"16":{"start":{"line":47,"column":6},"end":{"line":59,"column":7}},"17":{"start":{"line":48,"column":8},"end":{"line":50,"column":10}},"18":{"start":{"line":51,"column":8},"end":{"line":51,"column":15}},"19":{"start":{"line":53,"column":8},"end":{"line":57,"column":10}},"20":{"start":{"line":58,"column":8},"end":{"line":58,"column":15}},"21":{"start":{"line":62,"column":16},"end":{"line":62,"column":39}},"22":{"start":{"line":65,"column":20},"end":{"line":65,"column":47}},"23":{"start":{"line":66,"column":4},"end":{"line":75,"column":5}},"24":{"start":{"line":67,"column":6},"end":{"line":67,"column":50}},"25":{"start":{"line":68,"column":6},"end":{"line":68,"column":45}},"26":{"start":{"line":69,"column":6},"end":{"line":69,"column":70}},"27":{"start":{"line":70,"column":11},"end":{"line":75,"column":5}},"28":{"start":{"line":71,"column":6},"end":{"line":73,"column":8}},"29":{"start":{"line":74,"column":6},"end":{"line":74,"column":13}},"30":{"start":{"line":78,"column":4},"end":{"line":91,"column":5}},"31":{"start":{"line":80,"column":8},"end":{"line":80,"column":43}},"32":{"start":{"line":81,"column":8},"end":{"line":81,"column":14}},"33":{"start":{"line":83,"column":8},"end":{"line":83,"column":46}},"34":{"start":{"line":84,"column":8},"end":{"line":84,"column":14}},"35":{"start":{"line":86,"column":8},"end":{"line":86,"column":46}},"36":{"start":{"line":87,"column":8},"end":{"line":87,"column":14}},"37":{"start":{"line":89,"column":8},"end":{"line":89,"column":61}},"38":{"start":{"line":90,"column":8},"end":{"line":90,"column":15}},"39":{"start":{"line":94,"column":4},"end":{"line":94,"column":42}},"40":{"start":{"line":103,"column":4},"end":{"line":110,"column":5}},"41":{"start":{"line":104,"column":6},"end":{"line":109,"column":7}},"42":{"start":{"line":105,"column":22},"end":{"line":105,"column":51}},"43":{"start":{"line":106,"column":8},"end":{"line":108,"column":9}},"44":{"start":{"line":107,"column":10},"end":{"line":107,"column":34}},"45":{"start":{"line":111,"column":4},"end":{"line":111,"column":16}},"46":{"start":{"line":120,"column":27},"end":{"line":120,"column":61}},"47":{"start":{"line":121,"column":4},"end":{"line":124,"column":5}},"48":{"start":{"line":122,"column":6},"end":{"line":122,"column":54}},"49":{"start":{"line":123,"column":6},"end":{"line":123,"column":59}},"50":{"start":{"line":127,"column":4},"end":{"line":127,"column":63}},"51":{"start":{"line":134,"column":4},"end":{"line":136,"column":5}},"52":{"start":{"line":135,"column":6},"end":{"line":135,"column":46}},"53":{"start":{"line":138,"column":4},"end":{"line":138,"column":47}},"54":{"start":{"line":141,"column":4},"end":{"line":141,"column":45}},"55":{"start":{"line":143,"column":4},"end":{"line":152,"column":6}},"56":{"start":{"line":145,"column":26},"end":{"line":145,"column":54}},"57":{"start":{"line":146,"column":6},"end":{"line":151,"column":7}},"58":{"start":{"line":147,"column":8},"end":{"line":147,"column":37}},"59":{"start":{"line":148,"column":8},"end":{"line":150,"column":9}},"60":{"start":{"line":149,"column":10},"end":{"line":149,"column":42}},"61":{"start":{"line":160,"column":24},"end":{"line":160,"column":52}},"62":{"start":{"line":161,"column":4},"end":{"line":161,"column":29}},"63":{"start":{"line":161,"column":22},"end":{"line":161,"column":29}},"64":{"start":{"line":163,"column":4},"end":{"line":165,"column":5}},"65":{"start":{"line":164,"column":6},"end":{"line":164,"column":47}},"66":{"start":{"line":173,"column":29},"end":{"line":173,"column":63}},"67":{"start":{"line":174,"column":4},"end":{"line":174,"column":34}},"68":{"start":{"line":174,"column":27},"end":{"line":174,"column":34}},"69":{"start":{"line":176,"column":26},"end":{"line":176,"column":56}},"70":{"start":{"line":177,"column":4},"end":{"line":177,"column":28}},"71":{"start":{"line":184,"column":29},"end":{"line":184,"column":63}},"72":{"start":{"line":185,"column":4},"end":{"line":185,"column":37}},"73":{"start":{"line":185,"column":27},"end":{"line":185,"column":37}},"74":{"start":{"line":187,"column":4},"end":{"line":187,"column":42}},"75":{"start":{"line":194,"column":4},"end":{"line":194,"column":53}},"76":{"start":{"line":198,"column":0},"end":{"line":198,"column":35}}},"fnMap":{"0":{"name":"(anonymous_0)","decl":{"start":{"line":9,"column":2},"end":{"line":9,"column":3}},"loc":{"start":{"line":9,"column":16},"end":{"line":13,"column":3}},"line":9},"1":{"name":"(anonymous_1)","decl":{"start":{"line":18,"column":2},"end":{"line":18,"column":3}},"loc":{"start":{"line":18,"column":45},"end":{"line":35,"column":3}},"line":18},"2":{"name":"(anonymous_2)","decl":{"start":{"line":40,"column":2},"end":{"line":40,"column":3}},"loc":{"start":{"line":40,"column":54},"end":{"line":95,"column":3}},"line":40},"3":{"name":"(anonymous_3)","decl":{"start":{"line":101,"column":2},"end":{"line":101,"column":3}},"loc":{"start":{"line":101,"column":43},"end":{"line":112,"column":3}},"line":101},"4":{"name":"(anonymous_4)","decl":{"start":{"line":118,"column":2},"end":{"line":118,"column":3}},"loc":{"start":{"line":118,"column":61},"end":{"line":128,"column":3}},"line":118},"5":{"name":"(anonymous_5)","decl":{"start":{"line":133,"column":2},"end":{"line":133,"column":3}},"loc":{"start":{"line":133,"column":38},"end":{"line":153,"column":3}},"line":133},"6":{"name":"(anonymous_6)","decl":{"start":{"line":143,"column":11},"end":{"line":143,"column":12}},"loc":{"start":{"line":143,"column":17},"end":{"line":152,"column":5}},"line":143},"7":{"name":"(anonymous_7)","decl":{"start":{"line":159,"column":2},"end":{"line":159,"column":3}},"loc":{"start":{"line":159,"column":35},"end":{"line":166,"column":3}},"line":159},"8":{"name":"(anonymous_8)","decl":{"start":{"line":172,"column":2},"end":{"line":172,"column":3}},"loc":{"start":{"line":172,"column":38},"end":{"line":178,"column":3}},"line":172},"9":{"name":"(anonymous_9)","decl":{"start":{"line":183,"column":2},"end":{"line":183,"column":3}},"loc":{"start":{"line":183,"column":32},"end":{"line":188,"column":3}},"line":183},"10":{"name":"(anonymous_10)","decl":{"start":{"line":193,"column":2},"end":{"line":193,"column":3}},"loc":{"start":{"line":193,"column":24},"end":{"line":195,"column":3}},"line":193}},"branchMap":{"0":{"loc":{"start":{"line":24,"column":4},"end":{"line":28,"column":5}},"type":"if","locations":[{"start":{"line":24,"column":4},"end":{"line":28,"column":5}},{"start":{},"end":{}}],"line":24},"1":{"loc":{"start":{"line":44,"column":6},"end":{"line":44,"column":78}},"type":"binary-expr","locations":[{"start":{"line":44,"column":6},"end":{"line":44,"column":20}},{"start":{"line":44,"column":24},"end":{"line":44,"column":78}}],"line":44},"2":{"loc":{"start":{"line":46,"column":4},"end":{"line":60,"column":5}},"type":"if","locations":[{"start":{"line":46,"column":4},"end":{"line":60,"column":5}},{"start":{},"end":{}}],"line":46},"3":{"loc":{"start":{"line":47,"column":6},"end":{"line":59,"column":7}},"type":"if","locations":[{"start":{"line":47,"column":6},"end":{"line":59,"column":7}},{"start":{"line":52,"column":13},"end":{"line":59,"column":7}}],"line":47},"4":{"loc":{"start":{"line":66,"column":4},"end":{"line":75,"column":5}},"type":"if","locations":[{"start":{"line":66,"column":4},"end":{"line":75,"column":5}},{"start":{"line":70,"column":11},"end":{"line":75,"column":5}}],"line":66},"5":{"loc":{"start":{"line":66,"column":8},"end":{"line":66,"column":49}},"type":"binary-expr","locations":[{"start":{"line":66,"column":8},"end":{"line":66,"column":18}},{"start":{"line":66,"column":22},"end":{"line":66,"column":49}}],"line":66},"6":{"loc":{"start":{"line":70,"column":11},"end":{"line":75,"column":5}},"type":"if","locations":[{"start":{"line":70,"column":11},"end":{"line":75,"column":5}},{"start":{},"end":{}}],"line":70},"7":{"loc":{"start":{"line":78,"column":4},"end":{"line":91,"column":5}},"type":"switch","locations":[{"start":{"line":79,"column":6},"end":{"line":81,"column":14}},{"start":{"line":82,"column":6},"end":{"line":84,"column":14}},{"start":{"line":85,"column":6},"end":{"line":87,"column":14}},{"start":{"line":88,"column":6},"end":{"line":90,"column":15}}],"line":78},"8":{"loc":{"start":{"line":104,"column":6},"end":{"line":109,"column":7}},"type":"if","locations":[{"start":{"line":104,"column":6},"end":{"line":109,"column":7}},{"start":{},"end":{}}],"line":104},"9":{"loc":{"start":{"line":106,"column":8},"end":{"line":108,"column":9}},"type":"if","locations":[{"start":{"line":106,"column":8},"end":{"line":108,"column":9}},{"start":{},"end":{}}],"line":106},"10":{"loc":{"start":{"line":121,"column":4},"end":{"line":124,"column":5}},"type":"if","locations":[{"start":{"line":121,"column":4},"end":{"line":124,"column":5}},{"start":{},"end":{}}],"line":121},"11":{"loc":{"start":{"line":134,"column":4},"end":{"line":136,"column":5}},"type":"if","locations":[{"start":{"line":134,"column":4},"end":{"line":136,"column":5}},{"start":{},"end":{}}],"line":134},"12":{"loc":{"start":{"line":146,"column":6},"end":{"line":151,"column":7}},"type":"if","locations":[{"start":{"line":146,"column":6},"end":{"line":151,"column":7}},{"start":{},"end":{}}],"line":146},"13":{"loc":{"start":{"line":148,"column":8},"end":{"line":150,"column":9}},"type":"if","locations":[{"start":{"line":148,"column":8},"end":{"line":150,"column":9}},{"start":{},"end":{}}],"line":148},"14":{"loc":{"start":{"line":161,"column":4},"end":{"line":161,"column":29}},"type":"if","locations":[{"start":{"line":161,"column":4},"end":{"line":161,"column":29}},{"start":{},"end":{}}],"line":161},"15":{"loc":{"start":{"line":174,"column":4},"end":{"line":174,"column":34}},"type":"if","locations":[{"start":{"line":174,"column":4},"end":{"line":174,"column":34}},{"start":{},"end":{}}],"line":174},"16":{"loc":{"start":{"line":185,"column":4},"end":{"line":185,"column":37}},"type":"if","locations":[{"start":{"line":185,"column":4},"end":{"line":185,"column":37}},{"start":{},"end":{}}],"line":185}},"s":{"0":2,"1":2,"2":23,"3":23,"4":23,"5":147,"6":147,"7":147,"8":147,"9":136,"10":136,"11":136,"12":147,"13":147,"14":655,"15":655,"16":2,"17":0,"18":0,"19":2,"20":2,"21":653,"22":653,"23":653,"24":11,"25":11,"26":11,"27":642,"28":0,"29":0,"30":653,"31":645,"32":645,"33":4,"34":4,"35":4,"36":4,"37":0,"38":0,"39":653,"40":4,"41":2,"42":2,"43":2,"44":2,"45":2,"46":147,"47":147,"48":40,"49":40,"50":147,"51":4,"52":3,"53":4,"54":4,"55":4,"56":1,"57":1,"58":1,"59":1,"60":1,"61":800,"62":800,"63":797,"64":3,"65":4,"66":8,"67":8,"68":3,"69":5,"70":5,"71":13,"72":13,"73":1,"74":12,"75":2,"76":2},"f":{"0":23,"1":147,"2":655,"3":4,"4":147,"5":4,"6":1,"7":800,"8":8,"9":13,"10":2},"b":{"0":[136,11],"1":[655,4],"2":[2,653],"3":[0,2],"4":[11,642],"5":[653,11],"6":[0,642],"7":[645,4,4,0],"8":[2,0],"9":[2,0],"10":[40,107],"11":[3,1],"12":[1,0],"13":[1,0],"14":[797,3],"15":[3,5],"16":[1,12]},"_coverageSchema":"1a1c01bbd47fc00a2c39e90264f33305004495a9","hash":"10d6e6e96cc4f21fbe85f2ceb5a65588b972bdcc"}
,"/Users/balasaiteja/Desktop/CareEco/one-big-exchange/backend/utils/MarketDataSimulator.js": {"path":"/Users/balasaiteja/Desktop/CareEco/one-big-exchange/backend/utils/MarketDataSimulator.js","statementMap":{"0":{"start":{"line":6,"column":4},"end":{"line":6,"column":47}},"1":{"start":{"line":7,"column":4},"end":{"line":7,"column":59}},"2":{"start":{"line":8,"column":4},"end":{"line":8,"column":63}},"3":{"start":{"line":9,"column":4},"end":{"line":9,"column":28}},"4":{"start":{"line":10,"column":4},"end":{"line":10,"column":34}},"5":{"start":{"line":13,"column":4},"end":{"line":17,"column":7}},"6":{"start":{"line":14,"column":6},"end":{"line":16,"column":7}},"7":{"start":{"line":15,"column":8},"end":{"line":15,"column":67}},"8":{"start":{"line":24,"column":4},"end":{"line":24,"column":24}},"9":{"start":{"line":32,"column":4},"end":{"line":32,"column":32}},"10":{"start":{"line":35,"column":4},"end":{"line":38,"column":6}},"11":{"start":{"line":36,"column":12},"end":{"line":36,"column":44}},"12":{"start":{"line":39,"column":4},"end":{"line":42,"column":6}},"13":{"start":{"line":40,"column":12},"end":{"line":40,"column":37}},"14":{"start":{"line":43,"column":4},"end":{"line":46,"column":6}},"15":{"start":{"line":44,"column":12},"end":{"line":44,"column":46}},"16":{"start":{"line":48,"column":4},"end":{"line":48,"column":50}},"17":{"start":{"line":49,"column":4},"end":{"line":49,"column":16}},"18":{"start":{"line":56,"column":4},"end":{"line":56,"column":42}},"19":{"start":{"line":57,"column":4},"end":{"line":57,"column":41}},"20":{"start":{"line":58,"column":4},"end":{"line":58,"column":45}},"21":{"start":{"line":59,"column":4},"end":{"line":59,"column":50}},"22":{"start":{"line":60,"column":4},"end":{"line":60,"column":16}},"23":{"start":{"line":68,"column":4},"end":{"line":85,"column":5}},"24":{"start":{"line":69,"column":6},"end":{"line":84,"column":7}},"25":{"start":{"line":71,"column":26},"end":{"line":71,"column":57}},"26":{"start":{"line":72,"column":8},"end":{"line":72,"column":76}},"27":{"start":{"line":75,"column":8},"end":{"line":83,"column":9}},"28":{"start":{"line":75,"column":21},"end":{"line":75,"column":22}},"29":{"start":{"line":76,"column":23},"end":{"line":76,"column":59}},"30":{"start":{"line":77,"column":27},"end":{"line":77,"column":73}},"31":{"start":{"line":78,"column":10},"end":{"line":82,"column":12}},"32":{"start":{"line":94,"column":21},"end":{"line":94,"column":59}},"33":{"start":{"line":95,"column":19},"end":{"line":95,"column":55}},"34":{"start":{"line":98,"column":22},"end":{"line":98,"column":53}},"35":{"start":{"line":99,"column":4},"end":{"line":99,"column":72}},"36":{"start":{"line":108,"column":21},"end":{"line":108,"column":59}},"37":{"start":{"line":109,"column":19},"end":{"line":109,"column":55}},"38":{"start":{"line":110,"column":17},"end":{"line":110,"column":53}},"39":{"start":{"line":113,"column":21},"end":{"line":113,"column":67}},"40":{"start":{"line":114,"column":4},"end":{"line":114,"column":80}},"41":{"start":{"line":122,"column":4},"end":{"line":122,"column":45}},"42":{"start":{"line":122,"column":38},"end":{"line":122,"column":45}},"43":{"start":{"line":125,"column":21},"end":{"line":125,"column":57}},"44":{"start":{"line":126,"column":20},"end":{"line":126,"column":52}},"45":{"start":{"line":127,"column":18},"end":{"line":127,"column":48}},"46":{"start":{"line":129,"column":4},"end":{"line":129,"column":23}},"47":{"start":{"line":129,"column":16},"end":{"line":129,"column":23}},"48":{"start":{"line":133,"column":4},"end":{"line":167,"column":5}},"49":{"start":{"line":135,"column":22},"end":{"line":142,"column":7}},"50":{"start":{"line":144,"column":6},"end":{"line":148,"column":8}},"51":{"start":{"line":151,"column":6},"end":{"line":151,"column":44}},"52":{"start":{"line":154,"column":22},"end":{"line":157,"column":7}},"53":{"start":{"line":159,"column":6},"end":{"line":163,"column":8}},"54":{"start":{"line":166,"column":6},"end":{"line":166,"column":40}},"55":{"start":{"line":176,"column":22},"end":{"line":176,"column":48}},"56":{"start":{"line":177,"column":21},"end":{"line":177,"column":63}},"57":{"start":{"line":178,"column":23},"end":{"line":178,"column":66}},"58":{"start":{"line":180,"column":4},"end":{"line":186,"column":6}},"59":{"start":{"line":195,"column":22},"end":{"line":195,"column":48}},"60":{"start":{"line":198,"column":4},"end":{"line":202,"column":5}},"61":{"start":{"line":199,"column":6},"end":{"line":199,"column":57}},"62":{"start":{"line":201,"column":6},"end":{"line":201,"column":58}},"63":{"start":{"line":204,"column":20},"end":{"line":204,"column":49}},"64":{"start":{"line":205,"column":21},"end":{"line":205,"column":59}},"65":{"start":{"line":207,"column":26},"end":{"line":207,"column":76}},"66":{"start":{"line":210,"column":4},"end":{"line":217,"column":7}},"67":{"start":{"line":219,"column":4},"end":{"line":225,"column":6}},"68":{"start":{"line":233,"column":4},"end":{"line":246,"column":5}},"69":{"start":{"line":235,"column":8},"end":{"line":235,"column":40}},"70":{"start":{"line":237,"column":8},"end":{"line":237,"column":40}},"71":{"start":{"line":239,"column":8},"end":{"line":239,"column":42}},"72":{"start":{"line":241,"column":8},"end":{"line":241,"column":42}},"73":{"start":{"line":243,"column":8},"end":{"line":243,"column":42}},"74":{"start":{"line":245,"column":8},"end":{"line":245,"column":40}},"75":{"start":{"line":254,"column":4},"end":{"line":254,"column":59}},"76":{"start":{"line":258,"column":0},"end":{"line":258,"column":37}}},"fnMap":{"0":{"name":"(anonymous_0)","decl":{"start":{"line":5,"column":2},"end":{"line":5,"column":3}},"loc":{"start":{"line":5,"column":33},"end":{"line":18,"column":3}},"line":5},"1":{"name":"(anonymous_1)","decl":{"start":{"line":13,"column":25},"end":{"line":13,"column":26}},"loc":{"start":{"line":13,"column":37},"end":{"line":17,"column":5}},"line":13},"2":{"name":"(anonymous_2)","decl":{"start":{"line":23,"column":2},"end":{"line":23,"column":3}},"loc":{"start":{"line":23,"column":15},"end":{"line":25,"column":3}},"line":23},"3":{"name":"(anonymous_3)","decl":{"start":{"line":30,"column":2},"end":{"line":30,"column":3}},"loc":{"start":{"line":30,"column":26},"end":{"line":50,"column":3}},"line":30},"4":{"name":"(anonymous_4)","decl":{"start":{"line":36,"column":6},"end":{"line":36,"column":7}},"loc":{"start":{"line":36,"column":12},"end":{"line":36,"column":44}},"line":36},"5":{"name":"(anonymous_5)","decl":{"start":{"line":40,"column":6},"end":{"line":40,"column":7}},"loc":{"start":{"line":40,"column":12},"end":{"line":40,"column":37}},"line":40},"6":{"name":"(anonymous_6)","decl":{"start":{"line":44,"column":6},"end":{"line":44,"column":7}},"loc":{"start":{"line":44,"column":12},"end":{"line":44,"column":46}},"line":44},"7":{"name":"(anonymous_7)","decl":{"start":{"line":55,"column":2},"end":{"line":55,"column":3}},"loc":{"start":{"line":55,"column":9},"end":{"line":61,"column":3}},"line":55},"8":{"name":"(anonymous_8)","decl":{"start":{"line":67,"column":2},"end":{"line":67,"column":3}},"loc":{"start":{"line":67,"column":25},"end":{"line":86,"column":3}},"line":67},"9":{"name":"(anonymous_9)","decl":{"start":{"line":92,"column":2},"end":{"line":92,"column":3}},"loc":{"start":{"line":92,"column":30},"end":{"line":100,"column":3}},"line":92},"10":{"name":"(anonymous_10)","decl":{"start":{"line":106,"column":2},"end":{"line":106,"column":3}},"loc":{"start":{"line":106,"column":23},"end":{"line":115,"column":3}},"line":106},"11":{"name":"(anonymous_11)","decl":{"start":{"line":121,"column":2},"end":{"line":121,"column":3}},"loc":{"start":{"line":121,"column":32},"end":{"line":168,"column":3}},"line":121},"12":{"name":"(anonymous_12)","decl":{"start":{"line":174,"column":2},"end":{"line":174,"column":3}},"loc":{"start":{"line":174,"column":29},"end":{"line":187,"column":3}},"line":174},"13":{"name":"(anonymous_13)","decl":{"start":{"line":193,"column":2},"end":{"line":193,"column":3}},"loc":{"start":{"line":193,"column":51},"end":{"line":226,"column":3}},"line":193},"14":{"name":"(anonymous_14)","decl":{"start":{"line":232,"column":2},"end":{"line":232,"column":3}},"loc":{"start":{"line":232,"column":24},"end":{"line":247,"column":3}},"line":232},"15":{"name":"(anonymous_15)","decl":{"start":{"line":253,"column":2},"end":{"line":253,"column":3}},"loc":{"start":{"line":253,"column":27},"end":{"line":255,"column":3}},"line":253}},"branchMap":{"0":{"loc":{"start":{"line":14,"column":6},"end":{"line":16,"column":7}},"type":"if","locations":[{"start":{"line":14,"column":6},"end":{"line":16,"column":7}},{"start":{},"end":{}}],"line":14},"1":{"loc":{"start":{"line":30,"column":8},"end":{"line":30,"column":24}},"type":"default-arg","locations":[{"start":{"line":30,"column":21},"end":{"line":30,"column":24}}],"line":30},"2":{"loc":{"start":{"line":76,"column":23},"end":{"line":76,"column":59}},"type":"cond-expr","locations":[{"start":{"line":76,"column":45},"end":{"line":76,"column":50}},{"start":{"line":76,"column":53},"end":{"line":76,"column":59}}],"line":76},"3":{"loc":{"start":{"line":110,"column":17},"end":{"line":110,"column":53}},"type":"cond-expr","locations":[{"start":{"line":110,"column":39},"end":{"line":110,"column":44}},{"start":{"line":110,"column":47},"end":{"line":110,"column":53}}],"line":110},"4":{"loc":{"start":{"line":122,"column":4},"end":{"line":122,"column":45}},"type":"if","locations":[{"start":{"line":122,"column":4},"end":{"line":122,"column":45}},{"start":{},"end":{}}],"line":122},"5":{"loc":{"start":{"line":129,"column":4},"end":{"line":129,"column":23}},"type":"if","locations":[{"start":{"line":129,"column":4},"end":{"line":129,"column":23}},{"start":{},"end":{}}],"line":129},"6":{"loc":{"start":{"line":133,"column":4},"end":{"line":167,"column":5}},"type":"if","locations":[{"start":{"line":133,"column":4},"end":{"line":167,"column":5}},{"start":{"line":152,"column":11},"end":{"line":167,"column":5}}],"line":133},"7":{"loc":{"start":{"line":193,"column":34},"end":{"line":193,"column":49}},"type":"default-arg","locations":[{"start":{"line":193,"column":45},"end":{"line":193,"column":49}}],"line":193},"8":{"loc":{"start":{"line":198,"column":4},"end":{"line":202,"column":5}},"type":"if","locations":[{"start":{"line":198,"column":4},"end":{"line":202,"column":5}},{"start":{"line":200,"column":11},"end":{"line":202,"column":5}}],"line":198},"9":{"loc":{"start":{"line":207,"column":26},"end":{"line":207,"column":76}},"type":"binary-expr","locations":[{"start":{"line":207,"column":26},"end":{"line":207,"column":34}},{"start":{"line":207,"column":38},"end":{"line":207,"column":76}}],"line":207},"10":{"loc":{"start":{"line":233,"column":4},"end":{"line":246,"column":5}},"type":"switch","locations":[{"start":{"line":234,"column":6},"end":{"line":235,"column":40}},{"start":{"line":236,"column":6},"end":{"line":237,"column":40}},{"start":{"line":238,"column":6},"end":{"line":239,"column":42}},{"start":{"line":240,"column":6},"end":{"line":241,"column":42}},{"start":{"line":242,"column":6},"end":{"line":243,"column":42}},{"start":{"line":244,"column":6},"end":{"line":245,"column":40}}],"line":233}},"s":{"0":7,"1":7,"2":7,"3":7,"4":7,"5":7,"6":35,"7":35,"8":1,"9":5,"10":5,"11":9,"12":5,"13":4,"14":5,"15":2,"16":5,"17":5,"18":9,"19":9,"20":9,"21":9,"22":9,"23":5,"24":25,"25":125,"26":125,"27":125,"28":125,"29":625,"30":625,"31":625,"32":9,"33":9,"34":9,"35":9,"36":4,"37":4,"38":4,"39":4,"40":4,"41":2,"42":0,"43":2,"44":2,"45":2,"46":2,"47":0,"48":2,"49":1,"50":1,"51":1,"52":1,"53":1,"54":1,"55":134,"56":134,"57":134,"58":134,"59":629,"60":629,"61":301,"62":328,"63":629,"64":629,"65":629,"66":629,"67":629,"68":763,"69":151,"70":155,"71":152,"72":152,"73":153,"74":0,"75":28,"76":1},"f":{"0":7,"1":35,"2":1,"3":5,"4":9,"5":4,"6":2,"7":9,"8":5,"9":9,"10":4,"11":2,"12":134,"13":629,"14":763,"15":28},"b":{"0":[35,0],"1":[5],"2":[298,327],"3":[3,1],"4":[0,2],"5":[0,2],"6":[1,1],"7":[0],"8":[301,328],"9":[629,0],"10":[151,155,152,152,153,0]},"_coverageSchema":"1a1c01bbd47fc00a2c39e90264f33305004495a9","hash":"bc308a4b5e9245553d42de28d7ba34898af04bc5"}
}
