TN:
SF:backend/models/ConsolidatedBook.js
FN:6,(anonymous_0)
FN:14,(anonymous_1)
FN:21,(anonymous_2)
FN:30,(anonymous_3)
FN:47,(anonymous_4)
FN:67,(anonymous_5)
FN:68,(anonymous_6)
FN:75,(anonymous_7)
FN:95,(anonymous_8)
FN:96,(anonymous_9)
FN:104,(anonymous_10)
FN:107,(anonymous_11)
FNF:12
FNH:12
FNDA:56,(anonymous_0)
FNDA:177,(anonymous_1)
FNDA:4,(anonymous_2)
FNDA:28,(anonymous_3)
FNDA:31,(anonymous_4)
FNDA:64,(anonymous_5)
FNDA:66,(anonymous_6)
FNDA:31,(anonymous_7)
FNDA:35,(anonymous_8)
FNDA:16,(anonymous_9)
FNDA:19,(anonymous_10)
FNDA:90,(anonymous_11)
DA:7,56
DA:8,56
DA:15,177
DA:22,4
DA:31,28
DA:32,28
DA:34,28
DA:35,28
DA:37,28
DA:49,31
DA:51,31
DA:52,53
DA:53,53
DA:57,31
DA:59,31
DA:60,74
DA:61,74
DA:62,74
DA:66,31
DA:67,64
DA:68,66
DA:77,31
DA:79,31
DA:80,53
DA:81,53
DA:85,31
DA:87,31
DA:88,43
DA:89,43
DA:90,43
DA:94,31
DA:95,35
DA:96,16
DA:105,19
DA:107,19
DA:108,90
DA:109,90
DA:111,90
DA:122,3
LF:39
LH:39
BRDA:30,0,0,1
BRDA:61,1,0,74
BRDA:61,1,1,64
BRDA:89,2,0,43
BRDA:89,2,1,35
BRDA:104,3,0,0
BRDA:108,4,0,90
BRDA:108,4,1,58
BRDA:109,5,0,90
BRDA:109,5,1,74
BRF:10
BRH:9
end_of_record
TN:
SF:backend/models/OrderBook.js
FN:5,(anonymous_0)
FN:16,(anonymous_1)
FN:36,(anonymous_2)
FN:60,(anonymous_3)
FN:94,(anonymous_4)
FN:118,(anonymous_5)
FN:121,(anonymous_6)
FN:133,(anonymous_7)
FN:136,(anonymous_8)
FN:148,(anonymous_9)
FN:150,(anonymous_10)
FN:151,(anonymous_11)
FN:157,(anonymous_12)
FN:159,(anonymous_13)
FN:160,(anonymous_14)
FNF:15
FNH:15
FNDA:196,(anonymous_0)
FNDA:151,(anonymous_1)
FNDA:794,(anonymous_2)
FNDA:10,(anonymous_3)
FNDA:8,(anonymous_4)
FNDA:2,(anonymous_5)
FNDA:4,(anonymous_6)
FNDA:2,(anonymous_7)
FNDA:4,(anonymous_8)
FNDA:55,(anonymous_9)
FNDA:77,(anonymous_10)
FNDA:38,(anonymous_11)
FNDA:55,(anonymous_12)
FNDA:46,(anonymous_13)
FNDA:12,(anonymous_14)
DA:6,196
DA:7,196
DA:8,196
DA:9,196
DA:10,196
DA:18,151
DA:19,151
DA:22,151
DA:24,151
DA:25,150
DA:28,151
DA:29,150
DA:37,794
DA:40,794
DA:48,794
DA:49,397
DA:50,397
DA:51,397
DA:52,397
DA:53,397
DA:61,10
DA:62,10
DA:64,10
DA:67,9
DA:68,5
DA:69,5
DA:71,5
DA:72,3
DA:74,2
DA:76,4
DA:77,4
DA:78,4
DA:80,4
DA:81,4
DA:83,0
DA:88,9
DA:95,8
DA:96,8
DA:98,8
DA:100,7
DA:103,7
DA:104,5
DA:105,5
DA:106,2
DA:107,2
DA:108,2
DA:112,7
DA:119,2
DA:121,4
DA:122,1
DA:124,1
DA:134,2
DA:136,4
DA:137,1
DA:139,1
DA:149,55
DA:150,77
DA:151,38
DA:158,55
DA:159,46
DA:160,12
DA:164,4
LF:62
LH:61
BRDA:24,0,0,150
BRDA:24,0,1,1
BRDA:24,1,0,151
BRDA:24,1,1,150
BRDA:28,2,0,150
BRDA:28,2,1,1
BRDA:28,3,0,151
BRDA:28,3,1,150
BRDA:48,4,0,397
BRDA:48,4,1,397
BRDA:49,5,0,397
BRDA:49,5,1,392
BRDA:51,6,0,397
BRDA:51,6,1,0
BRDA:52,7,0,397
BRDA:52,7,1,396
BRDA:64,8,0,1
BRDA:64,8,1,9
BRDA:67,9,0,5
BRDA:67,9,1,4
BRDA:68,10,0,5
BRDA:68,10,1,0
BRDA:71,11,0,3
BRDA:71,11,1,2
BRDA:76,12,0,4
BRDA:76,12,1,0
BRDA:77,13,0,4
BRDA:77,13,1,0
BRDA:80,14,0,4
BRDA:80,14,1,0
BRDA:98,15,0,1
BRDA:98,15,1,7
BRDA:103,16,0,5
BRDA:103,16,1,2
BRDA:104,17,0,5
BRDA:104,17,1,0
BRDA:106,18,0,2
BRDA:106,18,1,0
BRDA:107,19,0,2
BRDA:107,19,1,0
BRDA:119,20,0,1
BRDA:119,20,1,1
BRDA:134,21,0,1
BRDA:134,21,1,1
BRF:44
BRH:36
end_of_record
TN:
SF:backend/services/MarketDataManager.js
FN:9,(anonymous_0)
FN:18,(anonymous_1)
FN:40,(anonymous_2)
FN:101,(anonymous_3)
FN:118,(anonymous_4)
FN:133,(anonymous_5)
FN:143,(anonymous_6)
FN:159,(anonymous_7)
FN:172,(anonymous_8)
FN:183,(anonymous_9)
FN:193,(anonymous_10)
FNF:11
FNH:11
FNDA:23,(anonymous_0)
FNDA:147,(anonymous_1)
FNDA:655,(anonymous_2)
FNDA:4,(anonymous_3)
FNDA:147,(anonymous_4)
FNDA:4,(anonymous_5)
FNDA:1,(anonymous_6)
FNDA:800,(anonymous_7)
FNDA:8,(anonymous_8)
FNDA:13,(anonymous_9)
FNDA:2,(anonymous_10)
DA:1,2
DA:2,2
DA:10,23
DA:11,23
DA:12,23
DA:19,147
DA:20,147
DA:23,147
DA:24,147
DA:25,136
DA:26,136
DA:27,136
DA:31,147
DA:34,147
DA:44,655
DA:46,655
DA:47,2
DA:48,0
DA:51,0
DA:53,2
DA:58,2
DA:62,653
DA:65,653
DA:66,653
DA:67,11
DA:68,11
DA:69,11
DA:70,642
DA:71,0
DA:74,0
DA:78,653
DA:80,645
DA:81,645
DA:83,4
DA:84,4
DA:86,4
DA:87,4
DA:89,0
DA:90,0
DA:94,653
DA:103,4
DA:104,2
DA:105,2
DA:106,2
DA:107,2
DA:111,2
DA:120,147
DA:121,147
DA:122,40
DA:123,40
DA:127,147
DA:134,4
DA:135,3
DA:138,4
DA:141,4
DA:143,4
DA:145,1
DA:146,1
DA:147,1
DA:148,1
DA:149,1
DA:160,800
DA:161,800
DA:163,3
DA:164,4
DA:173,8
DA:174,8
DA:176,5
DA:177,5
DA:184,13
DA:185,13
DA:187,12
DA:194,2
DA:198,2
LF:74
LH:68
BRDA:24,0,0,136
BRDA:24,0,1,11
BRDA:44,1,0,655
BRDA:44,1,1,4
BRDA:46,2,0,2
BRDA:46,2,1,653
BRDA:47,3,0,0
BRDA:47,3,1,2
BRDA:66,4,0,11
BRDA:66,4,1,642
BRDA:66,5,0,653
BRDA:66,5,1,11
BRDA:70,6,0,0
BRDA:70,6,1,642
BRDA:78,7,0,645
BRDA:78,7,1,4
BRDA:78,7,2,4
BRDA:78,7,3,0
BRDA:104,8,0,2
BRDA:104,8,1,0
BRDA:106,9,0,2
BRDA:106,9,1,0
BRDA:121,10,0,40
BRDA:121,10,1,107
BRDA:134,11,0,3
BRDA:134,11,1,1
BRDA:146,12,0,1
BRDA:146,12,1,0
BRDA:148,13,0,1
BRDA:148,13,1,0
BRDA:161,14,0,797
BRDA:161,14,1,3
BRDA:174,15,0,3
BRDA:174,15,1,5
BRDA:185,16,0,1
BRDA:185,16,1,12
BRF:36
BRH:29
end_of_record
TN:
SF:backend/utils/MarketDataSimulator.js
FN:5,(anonymous_0)
FN:13,(anonymous_1)
FN:23,(anonymous_2)
FN:30,(anonymous_3)
FN:36,(anonymous_4)
FN:40,(anonymous_5)
FN:44,(anonymous_6)
FN:55,(anonymous_7)
FN:67,(anonymous_8)
FN:92,(anonymous_9)
FN:106,(anonymous_10)
FN:121,(anonymous_11)
FN:174,(anonymous_12)
FN:193,(anonymous_13)
FN:232,(anonymous_14)
FN:253,(anonymous_15)
FNF:16
FNH:16
FNDA:7,(anonymous_0)
FNDA:35,(anonymous_1)
FNDA:1,(anonymous_2)
FNDA:5,(anonymous_3)
FNDA:9,(anonymous_4)
FNDA:4,(anonymous_5)
FNDA:2,(anonymous_6)
FNDA:9,(anonymous_7)
FNDA:5,(anonymous_8)
FNDA:9,(anonymous_9)
FNDA:4,(anonymous_10)
FNDA:2,(anonymous_11)
FNDA:134,(anonymous_12)
FNDA:629,(anonymous_13)
FNDA:763,(anonymous_14)
FNDA:28,(anonymous_15)
DA:6,7
DA:7,7
DA:8,7
DA:9,7
DA:10,7
DA:13,7
DA:14,35
DA:15,35
DA:24,1
DA:32,5
DA:35,5
DA:36,9
DA:39,5
DA:40,4
DA:43,5
DA:44,2
DA:48,5
DA:49,5
DA:56,9
DA:57,9
DA:58,9
DA:59,9
DA:60,9
DA:68,5
DA:69,25
DA:71,125
DA:72,125
DA:75,125
DA:76,625
DA:77,625
DA:78,625
DA:94,9
DA:95,9
DA:98,9
DA:99,9
DA:108,4
DA:109,4
DA:110,4
DA:113,4
DA:114,4
DA:122,2
DA:125,2
DA:126,2
DA:127,2
DA:129,2
DA:133,2
DA:135,1
DA:144,1
DA:151,1
DA:154,1
DA:159,1
DA:166,1
DA:176,134
DA:177,134
DA:178,134
DA:180,134
DA:195,629
DA:198,629
DA:199,301
DA:201,328
DA:204,629
DA:205,629
DA:207,629
DA:210,629
DA:219,629
DA:233,763
DA:235,151
DA:237,155
DA:239,152
DA:241,152
DA:243,153
DA:245,0
DA:254,28
DA:258,1
LF:74
LH:73
BRDA:14,0,0,35
BRDA:14,0,1,0
BRDA:30,1,0,5
BRDA:76,2,0,298
BRDA:76,2,1,327
BRDA:110,3,0,3
BRDA:110,3,1,1
BRDA:122,4,0,0
BRDA:122,4,1,2
BRDA:129,5,0,0
BRDA:129,5,1,2
BRDA:133,6,0,1
BRDA:133,6,1,1
BRDA:193,7,0,0
BRDA:198,8,0,301
BRDA:198,8,1,328
BRDA:207,9,0,629
BRDA:207,9,1,0
BRDA:233,10,0,151
BRDA:233,10,1,155
BRDA:233,10,2,152
BRDA:233,10,3,152
BRDA:233,10,4,153
BRDA:233,10,5,0
BRF:24
BRH:18
end_of_record
